android/app/build/intermediates/manifest_merge_blame_file/debug/manifest-merger-blame-debug-report.txt
1<?xml version="1.0" encoding="utf-8"?>
2<manifest xmlns:android="http://schemas.android.com/apk/res/android"
3    package="com.samplevault"
4    android:versionCode="1"
5    android:versionName="1.0" >
6
7    <uses-sdk
8        android:minSdkVersion="24"
8-->src\main\AndroidManifest.xml
9        android:targetSdkVersion="33" />
9-->src\main\AndroidManifest.xml
10
11    <uses-permission android:name="android.permission.INTERNET" />
11-->src\main\AndroidManifest.xml:3:5-67
11-->src\main\AndroidManifest.xml:3:22-64
12
13    <permission
13-->[androidx.core:core:1.10.1] AndroidManifest.xml:22:5-24:47
14        android:name="com.samplevault.DYNAMIC_RECEIVER_NOT_EXPORTED_PERMISSION"
14-->[androidx.core:core:1.10.1] AndroidManifest.xml:23:9-81
15        android:protectionLevel="signature" />
15-->[androidx.core:core:1.10.1] AndroidManifest.xml:24:9-44
16
17    <uses-permission android:name="com.samplevault.DYNAMIC_RECEIVER_NOT_EXPORTED_PERMISSION" />
17-->[androidx.core:core:1.10.1] AndroidManifest.xml:26:5-97
17-->[androidx.core:core:1.10.1] AndroidManifest.xml:26:22-94
18
19    <application
19-->src\main\AndroidManifest.xml:4:5-27:19
20        android:allowBackup="true"
20-->src\main\AndroidManifest.xml:4:18-44
21        android:appComponentFactory="androidx.core.app.CoreComponentFactory"
21-->[androidx.core:core:1.10.1] AndroidManifest.xml:28:18-86
22        android:debuggable="true"
23        android:extractNativeLibs="false"
24        android:icon="@mipmap/ic_launcher"
24-->src\main\AndroidManifest.xml:4:45-79
25        android:label="SampleVault"
25-->src\main\AndroidManifest.xml:4:80-107
26        android:roundIcon="@mipmap/ic_launcher"
26-->src\main\AndroidManifest.xml:4:108-147
27        android:supportsRtl="true"
27-->src\main\AndroidManifest.xml:4:148-174
28        android:testOnly="true"
29        android:theme="@style/Theme.SampleVault"
29-->src\main\AndroidManifest.xml:4:175-215
30        android:usesCleartextTraffic="true" >
30-->src\main\AndroidManifest.xml:4:216-251
31        <activity android:name="com.samplevault.activities.SplashActivity" />
31-->src\main\AndroidManifest.xml:6:9-63
31-->src\main\AndroidManifest.xml:6:19-60
32
33        <!-- This tells Android to launch the Login screen first! -->
34        <activity
34-->src\main\AndroidManifest.xml:9:9-14:20
35            android:name="com.samplevault.activities.LoginActivity"
35-->src\main\AndroidManifest.xml:9:19-59
36            android:exported="true" >
36-->src\main\AndroidManifest.xml:9:60-83
37            <intent-filter>
37-->src\main\AndroidManifest.xml:10:13-13:29
38                <action android:name="android.intent.action.MAIN" />
38-->src\main\AndroidManifest.xml:11:17-69
38-->src\main\AndroidManifest.xml:11:25-66
39
40                <category android:name="android.intent.category.LAUNCHER" />
40-->src\main\AndroidManifest.xml:12:17-77
40-->src\main\AndroidManifest.xml:12:27-74
41            </intent-filter>
42        </activity>
43        <activity android:name="com.samplevault.activities.RegistrationActivity" />
43-->src\main\AndroidManifest.xml:16:9-69
43-->src\main\AndroidManifest.xml:16:19-66
44        <activity android:name="com.samplevault.activities.LabHeadDashboardActivity" />
44-->src\main\AndroidManifest.xml:17:9-73
44-->src\main\AndroidManifest.xml:17:19-70
45        <activity android:name="com.samplevault.activities.ScholarDashboardActivity" />
45-->src\main\AndroidManifest.xml:18:9-73
45-->src\main\AndroidManifest.xml:18:19-70
46        <activity android:name="com.samplevault.activities.AddSampleActivity" />
46-->src\main\AndroidManifest.xml:19:9-66
46-->src\main\AndroidManifest.xml:19:19-63
47        <activity android:name="com.samplevault.activities.SampleListActivity" />
47-->src\main\AndroidManifest.xml:20:9-67
47-->src\main\AndroidManifest.xml:20:19-64
48        <activity android:name="com.samplevault.activities.SampleDetailsActivity" />
48-->src\main\AndroidManifest.xml:21:9-70
48-->src\main\AndroidManifest.xml:21:19-67
49        <activity android:name="com.samplevault.activities.ProcessingDetailsActivity" />
49-->src\main\AndroidManifest.xml:22:9-74
49-->src\main\AndroidManifest.xml:22:19-71
50        <activity android:name="com.samplevault.activities.UploadResultsActivity" />
50-->src\main\AndroidManifest.xml:23:9-70
50-->src\main\AndroidManifest.xml:23:19-67
51        <activity android:name="com.samplevault.activities.ApprovalActivity" />
51-->src\main\AndroidManifest.xml:24:9-65
51-->src\main\AndroidManifest.xml:24:19-62
52        <activity android:name="com.samplevault.activities.NotificationsActivity" />
52-->src\main\AndroidManifest.xml:25:9-70
52-->src\main\AndroidManifest.xml:25:19-67
53        <activity android:name="com.samplevault.activities.ProfileActivity" />
53-->src\main\AndroidManifest.xml:26:9-64
53-->src\main\AndroidManifest.xml:26:19-61
54
55        <provider
55-->[androidx.emoji2:emoji2:1.2.0] AndroidManifest.xml:24:9-32:20
56            android:name="androidx.startup.InitializationProvider"
56-->[androidx.emoji2:emoji2:1.2.0] AndroidManifest.xml:25:13-67
57            android:authorities="com.samplevault.androidx-startup"
57-->[androidx.emoji2:emoji2:1.2.0] AndroidManifest.xml:26:13-68
58            android:exported="false" >
58-->[androidx.emoji2:emoji2:1.2.0] AndroidManifest.xml:27:13-37
59            <meta-data
59-->[androidx.emoji2:emoji2:1.2.0] AndroidManifest.xml:29:13-31:52
60                android:name="androidx.emoji2.text.EmojiCompatInitializer"
60-->[androidx.emoji2:emoji2:1.2.0] AndroidManifest.xml:30:17-75
61                android:value="androidx.startup" />
61-->[androidx.emoji2:emoji2:1.2.0] AndroidManifest.xml:31:17-49
62            <meta-data
62-->[androidx.lifecycle:lifecycle-process:2.6.1] AndroidManifest.xml:29:13-31:52
63                android:name="androidx.lifecycle.ProcessLifecycleInitializer"
63-->[androidx.lifecycle:lifecycle-process:2.6.1] AndroidManifest.xml:30:17-78
64                android:value="androidx.startup" />
64-->[androidx.lifecycle:lifecycle-process:2.6.1] AndroidManifest.xml:31:17-49
65            <meta-data
65-->[androidx.profileinstaller:profileinstaller:1.3.0] AndroidManifest.xml:29:13-31:52
66                android:name="androidx.profileinstaller.ProfileInstallerInitializer"
66-->[androidx.profileinstaller:profileinstaller:1.3.0] AndroidManifest.xml:30:17-85
67                android:value="androidx.startup" />
67-->[androidx.profileinstaller:profileinstaller:1.3.0] AndroidManifest.xml:31:17-49
68        </provider>
69
70        <receiver
70-->[androidx.profileinstaller:profileinstaller:1.3.0] AndroidManifest.xml:34:9-52:20
71            android:name="androidx.profileinstaller.ProfileInstallReceiver"
71-->[androidx.profileinstaller:profileinstaller:1.3.0] AndroidManifest.xml:35:13-76
72            android:directBootAware="false"
72-->[androidx.profileinstaller:profileinstaller:1.3.0] AndroidManifest.xml:36:13-44
73            android:enabled="true"
73-->[androidx.profileinstaller:profileinstaller:1.3.0] AndroidManifest.xml:37:13-35
74            android:exported="true"
74-->[androidx.profileinstaller:profileinstaller:1.3.0] AndroidManifest.xml:38:13-36
75            android:permission="android.permission.DUMP" >
75-->[androidx.profileinstaller:profileinstaller:1.3.0] AndroidManifest.xml:39:13-57
76            <intent-filter>
76-->[androidx.profileinstaller:profileinstaller:1.3.0] AndroidManifest.xml:40:13-42:29
77                <action android:name="androidx.profileinstaller.action.INSTALL_PROFILE" />
77-->[androidx.profileinstaller:profileinstaller:1.3.0] AndroidManifest.xml:41:17-91
77-->[androidx.profileinstaller:profileinstaller:1.3.0] AndroidManifest.xml:41:25-88
78            </intent-filter>
79            <intent-filter>
79-->[androidx.profileinstaller:profileinstaller:1.3.0] AndroidManifest.xml:43:13-45:29
80                <action android:name="androidx.profileinstaller.action.SKIP_FILE" />
80-->[androidx.profileinstaller:profileinstaller:1.3.0] AndroidManifest.xml:44:17-85
80-->[androidx.profileinstaller:profileinstaller:1.3.0] AndroidManifest.xml:44:25-82
81            </intent-filter>
82            <intent-filter>
82-->[androidx.profileinstaller:profileinstaller:1.3.0] AndroidManifest.xml:46:13-48:29
83                <action android:name="androidx.profileinstaller.action.SAVE_PROFILE" />
83-->[androidx.profileinstaller:profileinstaller:1.3.0] AndroidManifest.xml:47:17-88
83-->[androidx.profileinstaller:profileinstaller:1.3.0] AndroidManifest.xml:47:25-85
84            </intent-filter>
85            <intent-filter>
85-->[androidx.profileinstaller:profileinstaller:1.3.0] AndroidManifest.xml:49:13-51:29
86                <action android:name="androidx.profileinstaller.action.BENCHMARK_OPERATION" />
86-->[androidx.profileinstaller:profileinstaller:1.3.0] AndroidManifest.xml:50:17-95
86-->[androidx.profileinstaller:profileinstaller:1.3.0] AndroidManifest.xml:50:25-92
87            </intent-filter>
88        </receiver>
89    </application>
90
91</manifest>